[debug] [2023-02-02T09:38:01.375Z] ----------------------------------------------------------------------
[debug] [2023-02-02T09:38:01.378Z] Command:       /usr/bin/node /usr/bin/firebase init
[debug] [2023-02-02T09:38:01.379Z] CLI Version:   11.22.0
[debug] [2023-02-02T09:38:01.379Z] Platform:      linux
[debug] [2023-02-02T09:38:01.379Z] Node Version:  v18.12.1
[debug] [2023-02-02T09:38:01.380Z] Time:          Thu Feb 02 2023 15:08:01 GMT+0530 (India Standard Time)
[debug] [2023-02-02T09:38:01.380Z] ----------------------------------------------------------------------
[debug] 
[debug] [2023-02-02T09:38:01.471Z] > command requires scopes: ["email","openid","https://www.googleapis.com/auth/cloudplatformprojects.readonly","https://www.googleapis.com/auth/firebase","https://www.googleapis.com/auth/cloud-platform"]
[debug] [2023-02-02T09:38:01.472Z] > authorizing via signed-in user (mavanidevarsh.s@gmail.com)
[info] 
     ######## #### ########  ######## ########     ###     ######  ########
     ##        ##  ##     ## ##       ##     ##  ##   ##  ##       ##
     ######    ##  ########  ######   ########  #########  ######  ######
     ##        ##  ##    ##  ##       ##     ## ##     ##       ## ##
     ##       #### ##     ## ######## ########  ##     ##  ######  ########

You're about to initialize a Firebase project in this directory:

  /home/devarsh

Before we get started, keep in mind:

  * You are initializing within an existing Firebase project directory

[info] 
=== Project Setup
[info] 
[info] First, let's associate this project directory with a Firebase project.
[info] You can create multiple project aliases by running firebase use --add, 
[info] but for now we'll just set up a default project.
[info] 
[debug] [2023-02-02T09:38:11.645Z] Using project from CLI flag: resoluteai-evaluation
[debug] [2023-02-02T09:38:11.650Z] >>> [apiv2][query] GET https://firebase.googleapis.com/v1beta1/projects/resoluteai-evaluation [none]
[debug] [2023-02-02T09:38:12.718Z] <<< [apiv2][status] GET https://firebase.googleapis.com/v1beta1/projects/resoluteai-evaluation 200
[debug] [2023-02-02T09:38:12.718Z] <<< [apiv2][body] GET https://firebase.googleapis.com/v1beta1/projects/resoluteai-evaluation {"projectId":"resoluteai-evaluation","projectNumber":"36185547822","displayName":"resoluteai-evaluation","name":"projects/resoluteai-evaluation","resources":{"hostingSite":"resoluteai-evaluation"},"state":"ACTIVE","etag":"1_35f5197d-befb-462c-96ce-2620d5f8b2c3"}
[info] i  Using project resoluteai-evaluation (resoluteai-evaluation) 
[info] 
=== Firestore Setup
[debug] [2023-02-02T09:38:12.760Z] >>> [apiv2][query] GET https://serviceusage.googleapis.com/v1/projects/resoluteai-evaluation/services/firestore.googleapis.com [none]
[debug] [2023-02-02T09:38:12.760Z] >>> [apiv2][(partial)header] GET https://serviceusage.googleapis.com/v1/projects/resoluteai-evaluation/services/firestore.googleapis.com x-goog-quota-user=projects/resoluteai-evaluation
[debug] [2023-02-02T09:38:15.100Z] <<< [apiv2][status] GET https://serviceusage.googleapis.com/v1/projects/resoluteai-evaluation/services/firestore.googleapis.com 200
[debug] [2023-02-02T09:38:15.101Z] <<< [apiv2][body] GET https://serviceusage.googleapis.com/v1/projects/resoluteai-evaluation/services/firestore.googleapis.com [omitted]
[debug] [2023-02-02T09:38:15.102Z] >>> [apiv2][query] GET https://firestore.googleapis.com/v1/projects/resoluteai-evaluation/databases/(default) [none]
[debug] [2023-02-02T09:38:17.509Z] <<< [apiv2][status] GET https://firestore.googleapis.com/v1/projects/resoluteai-evaluation/databases/(default) 200
[debug] [2023-02-02T09:38:17.509Z] <<< [apiv2][body] GET https://firestore.googleapis.com/v1/projects/resoluteai-evaluation/databases/(default) {"name":"projects/resoluteai-evaluation/databases/(default)","uid":"43f05aa5-b351-4a4d-b558-7decdc804529","createTime":"2023-02-02T06:44:04.267297Z","updateTime":"2023-02-02T06:44:04.267297Z","locationId":"nam5","type":"FIRESTORE_NATIVE","concurrencyMode":"PESSIMISTIC","appEngineIntegrationMode":"DISABLED","keyPrefix":"s","etag":"IOrZ0ZjF9vwCMMiW+tuk9vwC"}
[debug] [2023-02-02T09:38:17.509Z] database_type: FIRESTORE_NATIVE
[debug] [2023-02-02T09:38:17.510Z] > command requires scopes: ["email","openid","https://www.googleapis.com/auth/cloudplatformprojects.readonly","https://www.googleapis.com/auth/firebase","https://www.googleapis.com/auth/cloud-platform"]
[debug] [2023-02-02T09:38:17.510Z] > authorizing via signed-in user (mavanidevarsh.s@gmail.com)
[debug] [2023-02-02T09:38:17.510Z] [iam] checking project resoluteai-evaluation for permissions ["firebase.projects.get"]
[debug] [2023-02-02T09:38:17.511Z] >>> [apiv2][query] POST https://cloudresourcemanager.googleapis.com/v1/projects/resoluteai-evaluation:testIamPermissions [none]
[debug] [2023-02-02T09:38:17.511Z] >>> [apiv2][(partial)header] POST https://cloudresourcemanager.googleapis.com/v1/projects/resoluteai-evaluation:testIamPermissions x-goog-quota-user=projects/resoluteai-evaluation
[debug] [2023-02-02T09:38:17.512Z] >>> [apiv2][body] POST https://cloudresourcemanager.googleapis.com/v1/projects/resoluteai-evaluation:testIamPermissions {"permissions":["firebase.projects.get"]}
[debug] [2023-02-02T09:38:19.207Z] <<< [apiv2][status] POST https://cloudresourcemanager.googleapis.com/v1/projects/resoluteai-evaluation:testIamPermissions 200
[debug] [2023-02-02T09:38:19.208Z] <<< [apiv2][body] POST https://cloudresourcemanager.googleapis.com/v1/projects/resoluteai-evaluation:testIamPermissions {"permissions":["firebase.projects.get"]}
[info] 
[info] Firestore Security Rules allow you to define how and when to allow
[info] requests. You can keep these rules in your project directory
[info] and publish them with firebase deploy.
[info] 
[debug] [2023-02-02T09:38:21.351Z] >>> [apiv2][query] GET https://firebaserules.googleapis.com/v1/projects/resoluteai-evaluation/releases pageSize=10&pageToken=
[debug] [2023-02-02T09:38:22.174Z] <<< [apiv2][status] GET https://firebaserules.googleapis.com/v1/projects/resoluteai-evaluation/releases 200
[debug] [2023-02-02T09:38:22.174Z] <<< [apiv2][body] GET https://firebaserules.googleapis.com/v1/projects/resoluteai-evaluation/releases {"releases":[{"name":"projects/resoluteai-evaluation/releases/cloud.firestore","rulesetName":"projects/resoluteai-evaluation/rulesets/e45fc65b-85ad-42d5-b3eb-15d477b9aceb","createTime":"2023-02-02T06:44:11.819541Z","updateTime":"2023-02-02T09:36:15.075792Z"}]}
[debug] [2023-02-02T09:38:22.175Z] Found ruleset: projects/resoluteai-evaluation/rulesets/e45fc65b-85ad-42d5-b3eb-15d477b9aceb
[debug] [2023-02-02T09:38:22.175Z] >>> [apiv2][query] GET https://firebaserules.googleapis.com/v1/projects/resoluteai-evaluation/rulesets/e45fc65b-85ad-42d5-b3eb-15d477b9aceb [none]
[debug] [2023-02-02T09:38:23.920Z] <<< [apiv2][status] GET https://firebaserules.googleapis.com/v1/projects/resoluteai-evaluation/rulesets/e45fc65b-85ad-42d5-b3eb-15d477b9aceb 200
[debug] [2023-02-02T09:38:23.920Z] <<< [apiv2][body] GET https://firebaserules.googleapis.com/v1/projects/resoluteai-evaluation/rulesets/e45fc65b-85ad-42d5-b3eb-15d477b9aceb [omitted]
[info] 
[info] Firestore indexes allow you to perform complex queries while
[info] maintaining performance that scales with the size of the result
[info] set. You can keep index definitions in your project directory
[info] and publish them with firebase deploy.
[info] 
[debug] [2023-02-02T09:38:25.638Z] >>> [apiv2][query] GET https://firestore.googleapis.com/v1/projects/resoluteai-evaluation/databases/(default)/collectionGroups/-/indexes [none]
[debug] [2023-02-02T09:38:25.642Z] >>> [apiv2][query] GET https://firestore.googleapis.com/v1/projects/resoluteai-evaluation/databases/(default)/collectionGroups/-/fields?filter=indexConfig.usesAncestorConfig=false OR ttlConfig:* [none]
[debug] [2023-02-02T09:38:27.751Z] <<< [apiv2][status] GET https://firestore.googleapis.com/v1/projects/resoluteai-evaluation/databases/(default)/collectionGroups/-/fields?filter=indexConfig.usesAncestorConfig=false OR ttlConfig:* 200
[debug] [2023-02-02T09:38:27.752Z] <<< [apiv2][body] GET https://firestore.googleapis.com/v1/projects/resoluteai-evaluation/databases/(default)/collectionGroups/-/fields?filter=indexConfig.usesAncestorConfig=false OR ttlConfig:* {"fields":[{"name":"projects/resoluteai-evaluation/databases/(default)/collectionGroups/__default__/fields/*","indexConfig":{"indexes":[{"queryScope":"COLLECTION","fields":[{"fieldPath":"*","order":"ASCENDING"}],"state":"READY"},{"queryScope":"COLLECTION","fields":[{"fieldPath":"*","order":"DESCENDING"}],"state":"READY"},{"queryScope":"COLLECTION","fields":[{"fieldPath":"*","arrayConfig":"CONTAINS"}],"state":"READY"}]}}]}
[debug] [2023-02-02T09:38:27.755Z] <<< [apiv2][status] GET https://firestore.googleapis.com/v1/projects/resoluteai-evaluation/databases/(default)/collectionGroups/-/indexes 200
[debug] [2023-02-02T09:38:27.755Z] <<< [apiv2][body] GET https://firestore.googleapis.com/v1/projects/resoluteai-evaluation/databases/(default)/collectionGroups/-/indexes {}
[info] 
=== Hosting Setup
[info] 
[info] Your public directory is the folder (relative to your project directory) that
[info] will contain Hosting assets to be uploaded with firebase deploy. If you
[info] have a build process for your assets, use your build's output directory.
[info] 
[debug] [2023-02-02T09:38:54.708Z] >>> [apiv2][query] GET https://www.gstatic.com/firebasejs/releases.json [none]
[debug] [2023-02-02T09:38:55.013Z] <<< [apiv2][status] GET https://www.gstatic.com/firebasejs/releases.json 200
[debug] [2023-02-02T09:38:55.014Z] <<< [apiv2][body] GET https://www.gstatic.com/firebasejs/releases.json {"current":{"version":"9.16.0","browserURL":"https://www.gstatic.com/firebasejs/9.16.0/firebase.js","packageURL":"https://www.gstatic.com/firebasejs/9.16.0/firebase.tgz"},"live":{"version":"9.16","browserURL":"https://www.gstatic.com/firebasejs/live/9.16/firebase.js","packageURL":"https://www.gstatic.com/firebasejs/live/9.16/firebase.tgz"},"components":{"analytics":"https://www.gstatic.com/firebasejs/9.16.0/firebase-analytics.js","app":"https://www.gstatic.com/firebasejs/9.16.0/firebase-app.js","app-check":"https://www.gstatic.com/firebasejs/9.16.0/firebase-app-check.js","auth":"https://www.gstatic.com/firebasejs/9.16.0/firebase-auth.js","auth/cordova":"https://www.gstatic.com/firebasejs/9.16.0/firebase-auth/cordova.js","auth/react-native":"https://www.gstatic.com/firebasejs/9.16.0/firebase-auth/react-native.js","functions":"https://www.gstatic.com/firebasejs/9.16.0/firebase-functions.js","firestore":"https://www.gstatic.com/firebasejs/9.16.0/firebase-firestore.js","firestore/lite":"https://www.gstatic.com/firebasejs/9.16.0/firebase-firestore/lite.js","installations":"https://www.gstatic.com/firebasejs/9.16.0/firebase-installations.js","storage":"https://www.gstatic.com/firebasejs/9.16.0/firebase-storage.js","performance":"https://www.gstatic.com/firebasejs/9.16.0/firebase-performance.js","remote-config":"https://www.gstatic.com/firebasejs/9.16.0/firebase-remote-config.js","messaging":"https://www.gstatic.com/firebasejs/9.16.0/firebase-messaging.js","messaging/sw":"https://www.gstatic.com/firebasejs/9.16.0/firebase-messaging/sw.js","database":"https://www.gstatic.com/firebasejs/9.16.0/firebase-database.js","firestore.memory":"https://www.gstatic.com/firebasejs/9.16.0/firebase-firestore.memory.js"}}
[info] i  Skipping write of build/index.html 
[info] 
[info] i  Detected a .git folder at /home/devarsh/resoluteai/resoluteai-evaluation 
[info] i  Authorizing with GitHub to upload your service account to a GitHub repository's secrets store. 
[info] 
[info] Visit this URL on this device to log in:
[info] https://github.com/login/oauth/authorize?client_id=89cf50f02ac6aaed3484&state=943755487&redirect_uri=http%3A%2F%2Flocalhost%3A9005&scope=read%3Auser%20repo%20public_repo
[info] 
[info] Waiting for authentication...
[debug] [2023-02-02T09:39:10.977Z] >>> [apiv2][query] POST https://github.com/login/oauth/access_token [none]
[debug] [2023-02-02T09:39:10.977Z] >>> [apiv2][body] POST https://github.com/login/oauth/access_token [stream]
[debug] [2023-02-02T09:39:11.550Z] <<< [apiv2][status] POST https://github.com/login/oauth/access_token 200
[debug] [2023-02-02T09:39:11.551Z] <<< [apiv2][body] POST https://github.com/login/oauth/access_token {"access_token":"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","token_type":"bearer","scope":"read:user,repo"}
[debug] [2023-02-02T09:39:11.573Z] >>> [apiv2][query] GET https://api.github.com/user [none]
[debug] [2023-02-02T09:39:12.156Z] <<< [apiv2][status] GET https://api.github.com/user 200
[debug] [2023-02-02T09:39:12.156Z] <<< [apiv2][body] GET https://api.github.com/user {"login":"devarsh-mavani-19","id":55136047,"node_id":"MDQ6VXNlcjU1MTM2MDQ3","avatar_url":"https://avatars.githubusercontent.com/u/55136047?v=4","gravatar_id":"","url":"https://api.github.com/users/devarsh-mavani-19","html_url":"https://github.com/devarsh-mavani-19","followers_url":"https://api.github.com/users/devarsh-mavani-19/followers","following_url":"https://api.github.com/users/devarsh-mavani-19/following{/other_user}","gists_url":"https://api.github.com/users/devarsh-mavani-19/gists{/gist_id}","starred_url":"https://api.github.com/users/devarsh-mavani-19/starred{/owner}{/repo}","subscriptions_url":"https://api.github.com/users/devarsh-mavani-19/subscriptions","organizations_url":"https://api.github.com/users/devarsh-mavani-19/orgs","repos_url":"https://api.github.com/users/devarsh-mavani-19/repos","events_url":"https://api.github.com/users/devarsh-mavani-19/events{/privacy}","received_events_url":"https://api.github.com/users/devarsh-mavani-19/received_events","type":"User","site_admin":false,"name":"0xDEVARSH","company":null,"blog":"","location":"India","email":null,"hireable":null,"bio":"Looking to collab for opensource project ","twitter_username":null,"public_repos":49,"public_gists":0,"followers":6,"following":4,"created_at":"2019-09-10T09:49:28Z","updated_at":"2023-01-07T07:32:52Z","private_gists":0,"total_private_repos":42,"owned_private_repos":42,"disk_usage":1059681,"collaborators":6,"two_factor_authentication":false,"plan":{"name":"pro","space":976562499,"collaborators":0,"private_repos":9999}}
[info] 
[info] ✔  Success! Logged into GitHub as devarsh-mavani-19 
[info] 
